生成启动时间为 2017/3/20 星期一 21:53:25。
     1>项目“D:\系统\Desktop\Tanker\Tanker\SourceCode\VCProject2010\VCProject2010\VCProject2010.vcxproj”在节点 2 上(Build 个目标)。
     1>ClCompile:
         I:\vs\VC\bin\CL.exe /c /I../../Header /ZI /nologo /W3 /WX- /Od /Oy- /D WIN32 /D _DEBUG /D _WINDOWS /Gm /EHsc /RTC1 /MDd /GS /fp:precise /Zc:wchar_t /Zc:forScope /Fo"Debug\\" /Fd"Debug\vc120.pdb" /Gd /TP /analyze- /errorReport:prompt ..\..\Src\LessonX.cpp
         LessonX.cpp
     1>d:\系统\desktop\tanker\tanker\sourcecode\src\lessonx.cpp(144): warning C4996: 'fopen': This function or variable may be unsafe. Consider using fopen_s instead. To disable deprecation, use _CRT_SECURE_NO_WARNINGS. See online help for details.
                 i:\vs\vc\include\stdio.h(211) : 参见“fopen”的声明
     1>d:\系统\desktop\tanker\tanker\sourcecode\src\lessonx.cpp(222): warning C4996: 'fopen': This function or variable may be unsafe. Consider using fopen_s instead. To disable deprecation, use _CRT_SECURE_NO_WARNINGS. See online help for details.
                 i:\vs\vc\include\stdio.h(211) : 参见“fopen”的声明
     1>d:\系统\desktop\tanker\tanker\sourcecode\src\lessonx.cpp(254): warning C4553: “==”: 运算符不起任何作用；是否是有意使用“=”的?
     1>d:\系统\desktop\tanker\tanker\sourcecode\src\lessonx.cpp(287): warning C4553: “==”: 运算符不起任何作用；是否是有意使用“=”的?
     1>d:\系统\desktop\tanker\tanker\sourcecode\src\lessonx.cpp(497): warning C4715: “CGameMain::findWeaponByName”: 不是所有的控件路径都返回值
       Link:
         I:\vs\VC\bin\link.exe /ERRORREPORT:PROMPT /OUT:"..\..\..\Bin\Game.exe" /INCREMENTAL:NO /NOLOGO Winmm.lib ..\..\Src\CommonClass_2010.Lib kernel32.lib user32.lib gdi32.lib winspool.lib comdlg32.lib advapi32.lib shell32.lib ole32.lib oleaut32.lib uuid.lib odbc32.lib odbccp32.lib /MANIFEST:NO /DEBUG /PDB:"Debug\Game.pdb" /SUBSYSTEM:WINDOWS /TLBID:1 /DYNAMICBASE /NXCOMPAT /IMPLIB:"..\..\..\Bin\Game.lib" /MACHINE:X86 /SAFESEH Debug\VCTemplate.res
         Debug\Bullet.obj
         Debug\LessonX.obj
         Debug\Main.obj
         Debug\TankEnemy.obj
         Debug\TankPlayer.obj
         Debug\Weapon.obj
     1>Bullet.obj : warning LNK4075: 忽略“/EDITANDCONTINUE”(由于“/OPT:LBR”规范)
     1>LINK : warning LNK4098: 默认库“LIBCMT”与其他库的使用冲突；请使用 /NODEFAULTLIB:library
     1>CommonClass_2010.Lib(CommonClass.obj) : warning LNK4099: 未找到 PDB“vc100.pdb”(使用“CommonClass_2010.Lib(CommonClass.obj)”或在“D:\系统\Desktop\Tanker\Tanker\SourceCode\VCProject2010\VCProject2010\Debug\vc100.pdb”中寻找)；正在链接对象，如同没有调试信息一样
         VCProject2010.vcxproj -> D:\系统\Desktop\Tanker\Tanker\SourceCode\VCProject2010\VCProject2010\..\..\..\Bin\Game.exe
     1>已完成生成项目“D:\系统\Desktop\Tanker\Tanker\SourceCode\VCProject2010\VCProject2010\VCProject2010.vcxproj”(Build 个目标)的操作。

生成成功。

已用时间 00:00:00.85
